uv run python -m pytest tests/playwright/ --verbose
============================================================ test session starts =============================================================
platform linux -- Python 3.10.19, pytest-9.0.3, pluggy-1.6.0 -- /home/user/CODE_BASE/byers_brands_portal/.venv/bin/python3
cachedir: .pytest_cache
rootdir: /home/user/CODE_BASE/byers_brands_portal
configfile: pytest.ini
collected 58 items / 1 error                                                                                                                 

=================================================================== ERRORS ===================================================================
____________________________________________ ERROR collecting tests/playwright/test_dashboard.py _____________________________________________
.venv/lib/python3.10/site-packages/_pytest/python.py:507: in importtestmodule
    mod = import_path(                                                                                                                        
.venv/lib/python3.10/site-packages/_pytest/pathlib.py:587: in import_path                                                                     
    importlib.import_module(module_name)                                                                                                      
../../.local/share/uv/python/cpython-3.10.19-linux-x86_64-gnu/lib/python3.10/importlib/__init__.py:126: in import_module                      
    return _bootstrap._gcd_import(name[level:], package, level)                                                                               
<frozen importlib._bootstrap>:1050: in _gcd_import                                                                                            
    ???                                                                                                                                       
<frozen importlib._bootstrap>:1027: in _find_and_load                                                                                         
    ???                                                                                                                                       
<frozen importlib._bootstrap>:1006: in _find_and_load_unlocked                                                                                
    ???                                                                                                                                       
<frozen importlib._bootstrap>:688: in _load_unlocked                                                                                          
    ???                                                                                                                                       
.venv/lib/python3.10/site-packages/_pytest/assertion/rewrite.py:188: in exec_module                                                           
    source_stat, co = _rewrite_test(fn, self.config)                                                                                          
.venv/lib/python3.10/site-packages/_pytest/assertion/rewrite.py:357: in _rewrite_test                                                         
    tree = ast.parse(source, filename=strfn)                                                                                                  
../../.local/share/uv/python/cpython-3.10.19-linux-x86_64-gnu/lib/python3.10/ast.py:50: in parse                                              
    return compile(source, filename, mode, flags,                                                                                             
E     File "/home/user/CODE_BASE/byers_brands_portal/tests/playwright/test_dashboard.py", line 27                                             
E       await expect(page).to_have_title(/Investor/)                                                                                          
E                                        ^                                                                                                    
E   SyntaxError: invalid syntax                                                                                                               
============================================================== warnings summary ==============================================================
.venv/lib/python3.10/site-packages/_pytest/config/__init__.py:1434
  /home/user/CODE_BASE/byers_brands_portal/.venv/lib/python3.10/site-packages/_pytest/config/__init__.py:1434: PytestConfigWarning: Unknown config option: DJANGO_SETTINGS_MODULE
  
    self._warn_or_fail_if_strict(f"Unknown config option: {key}\n")

.venv/lib/python3.10/site-packages/_pytest/config/__init__.py:1434
  /home/user/CODE_BASE/byers_brands_portal/.venv/lib/python3.10/site-packages/_pytest/config/__init__.py:1434: PytestConfigWarning: Unknown config option: asyncio_mode
  
    self._warn_or_fail_if_strict(f"Unknown config option: {key}\n")

tests/playwright/test_audit_logs.py:11
  /home/user/CODE_BASE/byers_brands_portal/tests/playwright/test_audit_logs.py:11: PytestUnknownMarkWarning: Unknown pytest.mark.asyncio - is this a typo?  You can register custom marks to avoid this warning - for details, see https://docs.pytest.org/en/stable/how-to/mark.html
    @pytest.mark.asyncio

tests/playwright/test_audit_logs.py:17
  /home/user/CODE_BASE/byers_brands_portal/tests/playwright/test_audit_logs.py:17: PytestUnknownMarkWarning: Unknown pytest.mark.asyncio - is this a typo?  You can register custom marks to avoid this warning - for details, see https://docs.pytest.org/en/stable/how-to/mark.html
    @pytest.mark.asyncio

tests/playwright/test_audit_logs.py:26
  /home/user/CODE_BASE/byers_brands_portal/tests/playwright/test_audit_logs.py:26: PytestUnknownMarkWarning: Unknown pytest.mark.asyncio - is this a typo?  You can register custom marks to avoid this warning - for details, see https://docs.pytest.org/en/stable/how-to/mark.html
    @pytest.mark.asyncio

tests/playwright/test_audit_logs.py:34
  /home/user/CODE_BASE/byers_brands_portal/tests/playwright/test_audit_logs.py:34: PytestUnknownMarkWarning: Unknown pytest.mark.asyncio - is this a typo?  You can register custom marks to avoid this warning - for details, see https://docs.pytest.org/en/stable/how-to/mark.html
    @pytest.mark.asyncio

tests/playwright/test_audit_logs.py:47
  /home/user/CODE_BASE/byers_brands_portal/tests/playwright/test_audit_logs.py:47: PytestUnknownMarkWarning: Unknown pytest.mark.asyncio - is this a typo?  You can register custom marks to avoid this warning - for details, see https://docs.pytest.org/en/stable/how-to/mark.html
    @pytest.mark.asyncio

tests/playwright/test_audit_logs.py:58
  /home/user/CODE_BASE/byers_brands_portal/tests/playwright/test_audit_logs.py:58: PytestUnknownMarkWarning: Unknown pytest.mark.asyncio - is this a typo?  You can register custom marks to avoid this warning - for details, see https://docs.pytest.org/en/stable/how-to/mark.html
    @pytest.mark.asyncio

tests/playwright/test_audit_logs.py:69
  /home/user/CODE_BASE/byers_brands_portal/tests/playwright/test_audit_logs.py:69: PytestUnknownMarkWarning: Unknown pytest.mark.asyncio - is this a typo?  You can register custom marks to avoid this warning - for details, see https://docs.pytest.org/en/stable/how-to/mark.html
    @pytest.mark.asyncio

tests/playwright/test_audit_logs.py:77
  /home/user/CODE_BASE/byers_brands_portal/tests/playwright/test_audit_logs.py:77: PytestUnknownMarkWarning: Unknown pytest.mark.asyncio - is this a typo?  You can register custom marks to avoid this warning - for details, see https://docs.pytest.org/en/stable/how-to/mark.html
    @pytest.mark.asyncio

tests/playwright/test_audit_logs.py:89
  /home/user/CODE_BASE/byers_brands_portal/tests/playwright/test_audit_logs.py:89: PytestUnknownMarkWarning: Unknown pytest.mark.asyncio - is this a typo?  You can register custom marks to avoid this warning - for details, see https://docs.pytest.org/en/stable/how-to/mark.html
    @pytest.mark.asyncio

tests/playwright/test_audit_logs.py:99
  /home/user/CODE_BASE/byers_brands_portal/tests/playwright/test_audit_logs.py:99: PytestUnknownMarkWarning: Unknown pytest.mark.asyncio - is this a typo?  You can register custom marks to avoid this warning - for details, see https://docs.pytest.org/en/stable/how-to/mark.html
    @pytest.mark.asyncio

tests/playwright/test_audit_logs.py:106
  /home/user/CODE_BASE/byers_brands_portal/tests/playwright/test_audit_logs.py:106: PytestUnknownMarkWarning: Unknown pytest.mark.asyncio - is this a typo?  You can register custom marks to avoid this warning - for details, see https://docs.pytest.org/en/stable/how-to/mark.html
    @pytest.mark.asyncio

tests/playwright/test_audit_logs.py:117
  /home/user/CODE_BASE/byers_brands_portal/tests/playwright/test_audit_logs.py:117: PytestUnknownMarkWarning: Unknown pytest.mark.asyncio - is this a typo?  You can register custom marks to avoid this warning - for details, see https://docs.pytest.org/en/stable/how-to/mark.html
    @pytest.mark.asyncio

tests/playwright/test_audit_logs.py:123
  /home/user/CODE_BASE/byers_brands_portal/tests/playwright/test_audit_logs.py:123: PytestUnknownMarkWarning: Unknown pytest.mark.asyncio - is this a typo?  You can register custom marks to avoid this warning - for details, see https://docs.pytest.org/en/stable/how-to/mark.html
    @pytest.mark.asyncio

tests/playwright/test_audit_logs.py:139
  /home/user/CODE_BASE/byers_brands_portal/tests/playwright/test_audit_logs.py:139: PytestUnknownMarkWarning: Unknown pytest.mark.asyncio - is this a typo?  You can register custom marks to avoid this warning - for details, see https://docs.pytest.org/en/stable/how-to/mark.html
    @pytest.mark.asyncio

tests/playwright/test_audit_logs.py:145
  /home/user/CODE_BASE/byers_brands_portal/tests/playwright/test_audit_logs.py:145: PytestUnknownMarkWarning: Unknown pytest.mark.asyncio - is this a typo?  You can register custom marks to avoid this warning - for details, see https://docs.pytest.org/en/stable/how-to/mark.html
    @pytest.mark.asyncio

tests/playwright/test_audit_logs.py:157
  /home/user/CODE_BASE/byers_brands_portal/tests/playwright/test_audit_logs.py:157: PytestUnknownMarkWarning: Unknown pytest.mark.asyncio - is this a typo?  You can register custom marks to avoid this warning - for details, see https://docs.pytest.org/en/stable/how-to/mark.html
    @pytest.mark.asyncio

tests/playwright/test_audit_logs.py:174
  /home/user/CODE_BASE/byers_brands_portal/tests/playwright/test_audit_logs.py:174: PytestUnknownMarkWarning: Unknown pytest.mark.asyncio - is this a typo?  You can register custom marks to avoid this warning - for details, see https://docs.pytest.org/en/stable/how-to/mark.html
    @pytest.mark.asyncio

tests/playwright/test_audit_logs.py:191
  /home/user/CODE_BASE/byers_brands_portal/tests/playwright/test_audit_logs.py:191: PytestUnknownMarkWarning: Unknown pytest.mark.asyncio - is this a typo?  You can register custom marks to avoid this warning - for details, see https://docs.pytest.org/en/stable/how-to/mark.html
    @pytest.mark.asyncio

tests/playwright/test_auth.py:29
  /home/user/CODE_BASE/byers_brands_portal/tests/playwright/test_auth.py:29: PytestUnknownMarkWarning: Unknown pytest.mark.asyncio - is this a typo?  You can register custom marks to avoid this warning - for details, see https://docs.pytest.org/en/stable/how-to/mark.html
    @pytest.mark.asyncio

tests/playwright/test_auth.py:35
  /home/user/CODE_BASE/byers_brands_portal/tests/playwright/test_auth.py:35: PytestUnknownMarkWarning: Unknown pytest.mark.asyncio - is this a typo?  You can register custom marks to avoid this warning - for details, see https://docs.pytest.org/en/stable/how-to/mark.html
    @pytest.mark.asyncio

tests/playwright/test_auth.py:41
  /home/user/CODE_BASE/byers_brands_portal/tests/playwright/test_auth.py:41: PytestUnknownMarkWarning: Unknown pytest.mark.asyncio - is this a typo?  You can register custom marks to avoid this warning - for details, see https://docs.pytest.org/en/stable/how-to/mark.html
    @pytest.mark.asyncio

tests/playwright/test_auth.py:57
  /home/user/CODE_BASE/byers_brands_portal/tests/playwright/test_auth.py:57: PytestUnknownMarkWarning: Unknown pytest.mark.asyncio - is this a typo?  You can register custom marks to avoid this warning - for details, see https://docs.pytest.org/en/stable/how-to/mark.html
    @pytest.mark.asyncio

tests/playwright/test_auth.py:72
  /home/user/CODE_BASE/byers_brands_portal/tests/playwright/test_auth.py:72: PytestUnknownMarkWarning: Unknown pytest.mark.asyncio - is this a typo?  You can register custom marks to avoid this warning - for details, see https://docs.pytest.org/en/stable/how-to/mark.html
    @pytest.mark.asyncio

tests/playwright/test_auth.py:87
  /home/user/CODE_BASE/byers_brands_portal/tests/playwright/test_auth.py:87: PytestUnknownMarkWarning: Unknown pytest.mark.asyncio - is this a typo?  You can register custom marks to avoid this warning - for details, see https://docs.pytest.org/en/stable/how-to/mark.html
    @pytest.mark.asyncio

tests/playwright/test_auth.py:104
  /home/user/CODE_BASE/byers_brands_portal/tests/playwright/test_auth.py:104: PytestUnknownMarkWarning: Unknown pytest.mark.asyncio - is this a typo?  You can register custom marks to avoid this warning - for details, see https://docs.pytest.org/en/stable/how-to/mark.html
    @pytest.mark.asyncio

tests/playwright/test_auth.py:117
  /home/user/CODE_BASE/byers_brands_portal/tests/playwright/test_auth.py:117: PytestUnknownMarkWarning: Unknown pytest.mark.asyncio - is this a typo?  You can register custom marks to avoid this warning - for details, see https://docs.pytest.org/en/stable/how-to/mark.html
    @pytest.mark.asyncio

tests/playwright/test_auth.py:126
  /home/user/CODE_BASE/byers_brands_portal/tests/playwright/test_auth.py:126: PytestUnknownMarkWarning: Unknown pytest.mark.asyncio - is this a typo?  You can register custom marks to avoid this warning - for details, see https://docs.pytest.org/en/stable/how-to/mark.html
    @pytest.mark.asyncio

tests/playwright/test_auth.py:135
  /home/user/CODE_BASE/byers_brands_portal/tests/playwright/test_auth.py:135: PytestUnknownMarkWarning: Unknown pytest.mark.asyncio - is this a typo?  You can register custom marks to avoid this warning - for details, see https://docs.pytest.org/en/stable/how-to/mark.html
    @pytest.mark.asyncio

tests/playwright/test_auth.py:143
  /home/user/CODE_BASE/byers_brands_portal/tests/playwright/test_auth.py:143: PytestUnknownMarkWarning: Unknown pytest.mark.asyncio - is this a typo?  You can register custom marks to avoid this warning - for details, see https://docs.pytest.org/en/stable/how-to/mark.html
    @pytest.mark.asyncio

tests/playwright/test_auth.py:151
  /home/user/CODE_BASE/byers_brands_portal/tests/playwright/test_auth.py:151: PytestUnknownMarkWarning: Unknown pytest.mark.asyncio - is this a typo?  You can register custom marks to avoid this warning - for details, see https://docs.pytest.org/en/stable/how-to/mark.html
    @pytest.mark.asyncio

tests/playwright/test_auth.py:161
  /home/user/CODE_BASE/byers_brands_portal/tests/playwright/test_auth.py:161: PytestUnknownMarkWarning: Unknown pytest.mark.asyncio - is this a typo?  You can register custom marks to avoid this warning - for details, see https://docs.pytest.org/en/stable/how-to/mark.html
    @pytest.mark.asyncio

tests/playwright/test_auth.py:173
  /home/user/CODE_BASE/byers_brands_portal/tests/playwright/test_auth.py:173: PytestUnknownMarkWarning: Unknown pytest.mark.asyncio - is this a typo?  You can register custom marks to avoid this warning - for details, see https://docs.pytest.org/en/stable/how-to/mark.html
    @pytest.mark.asyncio

tests/playwright/test_auth.py:188
  /home/user/CODE_BASE/byers_brands_portal/tests/playwright/test_auth.py:188: PytestUnknownMarkWarning: Unknown pytest.mark.asyncio - is this a typo?  You can register custom marks to avoid this warning - for details, see https://docs.pytest.org/en/stable/how-to/mark.html
    @pytest.mark.asyncio

tests/playwright/test_mfa.py:23
  /home/user/CODE_BASE/byers_brands_portal/tests/playwright/test_mfa.py:23: PytestUnknownMarkWarning: Unknown pytest.mark.asyncio - is this a typo?  You can register custom marks to avoid this warning - for details, see https://docs.pytest.org/en/stable/how-to/mark.html
    @pytest.mark.asyncio

tests/playwright/test_mfa.py:29
  /home/user/CODE_BASE/byers_brands_portal/tests/playwright/test_mfa.py:29: PytestUnknownMarkWarning: Unknown pytest.mark.asyncio - is this a typo?  You can register custom marks to avoid this warning - for details, see https://docs.pytest.org/en/stable/how-to/mark.html
    @pytest.mark.asyncio

tests/playwright/test_mfa.py:35
  /home/user/CODE_BASE/byers_brands_portal/tests/playwright/test_mfa.py:35: PytestUnknownMarkWarning: Unknown pytest.mark.asyncio - is this a typo?  You can register custom marks to avoid this warning - for details, see https://docs.pytest.org/en/stable/how-to/mark.html
    @pytest.mark.asyncio

tests/playwright/test_mfa.py:43
  /home/user/CODE_BASE/byers_brands_portal/tests/playwright/test_mfa.py:43: PytestUnknownMarkWarning: Unknown pytest.mark.asyncio - is this a typo?  You can register custom marks to avoid this warning - for details, see https://docs.pytest.org/en/stable/how-to/mark.html
    @pytest.mark.asyncio

tests/playwright/test_mfa.py:58
  /home/user/CODE_BASE/byers_brands_portal/tests/playwright/test_mfa.py:58: PytestUnknownMarkWarning: Unknown pytest.mark.asyncio - is this a typo?  You can register custom marks to avoid this warning - for details, see https://docs.pytest.org/en/stable/how-to/mark.html
    @pytest.mark.asyncio

tests/playwright/test_mfa.py:72
  /home/user/CODE_BASE/byers_brands_portal/tests/playwright/test_mfa.py:72: PytestUnknownMarkWarning: Unknown pytest.mark.asyncio - is this a typo?  You can register custom marks to avoid this warning - for details, see https://docs.pytest.org/en/stable/how-to/mark.html
    @pytest.mark.asyncio

tests/playwright/test_mfa.py:78
  /home/user/CODE_BASE/byers_brands_portal/tests/playwright/test_mfa.py:78: PytestUnknownMarkWarning: Unknown pytest.mark.asyncio - is this a typo?  You can register custom marks to avoid this warning - for details, see https://docs.pytest.org/en/stable/how-to/mark.html
    @pytest.mark.asyncio

tests/playwright/test_mfa.py:88
  /home/user/CODE_BASE/byers_brands_portal/tests/playwright/test_mfa.py:88: PytestUnknownMarkWarning: Unknown pytest.mark.asyncio - is this a typo?  You can register custom marks to avoid this warning - for details, see https://docs.pytest.org/en/stable/how-to/mark.html
    @pytest.mark.asyncio

tests/playwright/test_mfa.py:100
  /home/user/CODE_BASE/byers_brands_portal/tests/playwright/test_mfa.py:100: PytestUnknownMarkWarning: Unknown pytest.mark.asyncio - is this a typo?  You can register custom marks to avoid this warning - for details, see https://docs.pytest.org/en/stable/how-to/mark.html
    @pytest.mark.asyncio

tests/playwright/test_mfa.py:113
  /home/user/CODE_BASE/byers_brands_portal/tests/playwright/test_mfa.py:113: PytestUnknownMarkWarning: Unknown pytest.mark.asyncio - is this a typo?  You can register custom marks to avoid this warning - for details, see https://docs.pytest.org/en/stable/how-to/mark.html
    @pytest.mark.asyncio

tests/playwright/test_mfa.py:124
  /home/user/CODE_BASE/byers_brands_portal/tests/playwright/test_mfa.py:124: PytestUnknownMarkWarning: Unknown pytest.mark.asyncio - is this a typo?  You can register custom marks to avoid this warning - for details, see https://docs.pytest.org/en/stable/how-to/mark.html
    @pytest.mark.asyncio

tests/playwright/test_mfa.py:133
  /home/user/CODE_BASE/byers_brands_portal/tests/playwright/test_mfa.py:133: PytestUnknownMarkWarning: Unknown pytest.mark.asyncio - is this a typo?  You can register custom marks to avoid this warning - for details, see https://docs.pytest.org/en/stable/how-to/mark.html
    @pytest.mark.asyncio

tests/playwright/test_mfa.py:143
  /home/user/CODE_BASE/byers_brands_portal/tests/playwright/test_mfa.py:143: PytestUnknownMarkWarning: Unknown pytest.mark.asyncio - is this a typo?  You can register custom marks to avoid this warning - for details, see https://docs.pytest.org/en/stable/how-to/mark.html
    @pytest.mark.asyncio

tests/playwright/test_polly.py:17
  /home/user/CODE_BASE/byers_brands_portal/tests/playwright/test_polly.py:17: PytestUnknownMarkWarning: Unknown pytest.mark.asyncio - is this a typo?  You can register custom marks to avoid this warning - for details, see https://docs.pytest.org/en/stable/how-to/mark.html
    @pytest.mark.asyncio

tests/playwright/test_polly.py:23
  /home/user/CODE_BASE/byers_brands_portal/tests/playwright/test_polly.py:23: PytestUnknownMarkWarning: Unknown pytest.mark.asyncio - is this a typo?  You can register custom marks to avoid this warning - for details, see https://docs.pytest.org/en/stable/how-to/mark.html
    @pytest.mark.asyncio

tests/playwright/test_polly.py:32
  /home/user/CODE_BASE/byers_brands_portal/tests/playwright/test_polly.py:32: PytestUnknownMarkWarning: Unknown pytest.mark.asyncio - is this a typo?  You can register custom marks to avoid this warning - for details, see https://docs.pytest.org/en/stable/how-to/mark.html
    @pytest.mark.asyncio

tests/playwright/test_polly.py:47
  /home/user/CODE_BASE/byers_brands_portal/tests/playwright/test_polly.py:47: PytestUnknownMarkWarning: Unknown pytest.mark.asyncio - is this a typo?  You can register custom marks to avoid this warning - for details, see https://docs.pytest.org/en/stable/how-to/mark.html
    @pytest.mark.asyncio

tests/playwright/test_polly.py:66
  /home/user/CODE_BASE/byers_brands_portal/tests/playwright/test_polly.py:66: PytestUnknownMarkWarning: Unknown pytest.mark.asyncio - is this a typo?  You can register custom marks to avoid this warning - for details, see https://docs.pytest.org/en/stable/how-to/mark.html
    @pytest.mark.asyncio

tests/playwright/test_polly.py:73
  /home/user/CODE_BASE/byers_brands_portal/tests/playwright/test_polly.py:73: PytestUnknownMarkWarning: Unknown pytest.mark.asyncio - is this a typo?  You can register custom marks to avoid this warning - for details, see https://docs.pytest.org/en/stable/how-to/mark.html
    @pytest.mark.asyncio

tests/playwright/test_polly.py:86
  /home/user/CODE_BASE/byers_brands_portal/tests/playwright/test_polly.py:86: PytestUnknownMarkWarning: Unknown pytest.mark.asyncio - is this a typo?  You can register custom marks to avoid this warning - for details, see https://docs.pytest.org/en/stable/how-to/mark.html
    @pytest.mark.asyncio

tests/playwright/test_polly.py:105
  /home/user/CODE_BASE/byers_brands_portal/tests/playwright/test_polly.py:105: PytestUnknownMarkWarning: Unknown pytest.mark.asyncio - is this a typo?  You can register custom marks to avoid this warning - for details, see https://docs.pytest.org/en/stable/how-to/mark.html
    @pytest.mark.asyncio

tests/playwright/test_polly.py:114
  /home/user/CODE_BASE/byers_brands_portal/tests/playwright/test_polly.py:114: PytestUnknownMarkWarning: Unknown pytest.mark.asyncio - is this a typo?  You can register custom marks to avoid this warning - for details, see https://docs.pytest.org/en/stable/how-to/mark.html
    @pytest.mark.asyncio

tests/playwright/test_polly.py:125
  /home/user/CODE_BASE/byers_brands_portal/tests/playwright/test_polly.py:125: PytestUnknownMarkWarning: Unknown pytest.mark.asyncio - is this a typo?  You can register custom marks to avoid this warning - for details, see https://docs.pytest.org/en/stable/how-to/mark.html
    @pytest.mark.asyncio

tests/playwright/test_polly.py:138
  /home/user/CODE_BASE/byers_brands_portal/tests/playwright/test_polly.py:138: PytestUnknownMarkWarning: Unknown pytest.mark.asyncio - is this a typo?  You can register custom marks to avoid this warning - for details, see https://docs.pytest.org/en/stable/how-to/mark.html
    @pytest.mark.asyncio

tests/playwright/test_polly.py:148
  /home/user/CODE_BASE/byers_brands_portal/tests/playwright/test_polly.py:148: PytestUnknownMarkWarning: Unknown pytest.mark.asyncio - is this a typo?  You can register custom marks to avoid this warning - for details, see https://docs.pytest.org/en/stable/how-to/mark.html
    @pytest.mark.asyncio

-- Docs: https://docs.pytest.org/en/stable/how-to/capture-warnings.html
========================================================== short test summary info ===========================================================
ERROR tests/playwright/test_dashboard.py
!!!!!!!!!!!!!!!!!!!!!!!!!!!!!!!!!!!!!!!!!!!!!!!!!!! Interrupted: 1 error during collection !!!!!!!!!!!!!!!!!!!!!!!!!!!!!!!!!!!!!!!!!!!!!!!!!!!
======================================================= 60 warnings, 1 error in 0.30s ========================================================